<?xml version="1.0" encoding="UTF-8"?>
<!-- Generated by org.testng.reporters.JUnitReportReporter -->
<testsuite hostname="TSI-AE-SOUTH-PC" failures="0" tests="1" name="testcases.CreateLead" time="17.113" errors="0" timestamp="2023-10-10T21:25:11 IST" skipped="0">
  <testcase classname="testcases.CreateLead" name="runcreate" time="17.113"/>
  <system-out/>
</testsuite> <!-- testcases.CreateLead -->
