<?xml version="1.0" encoding="UTF-8"?>
<!-- Generated by org.testng.reporters.JUnitReportReporter -->
<testsuite hostname="TSI-AE-SOUTH-PC" failures="0" tests="2" name="week5day2.CreateLead" time="30.646" errors="0" timestamp="2023-10-08T12:16:48 IST" skipped="0">
  <testcase classname="week5day2.CreateLead" name="createlead" time="15.697"/>
  <system-out/>
  <testcase classname="week5day2.CreateLead" name="createlead" time="14.949"/>
  <system-out/>
</testsuite> <!-- week5day2.CreateLead -->
