<?xml version="1.0" encoding="UTF-8"?>
<!-- Generated by org.testng.reporters.JUnitReportReporter -->
<testsuite hostname="TSI-AE-SOUTH-PC" failures="0" tests="1" name="testcases.LearnAnnotation" time="0.004" errors="0" timestamp="2023-10-09T20:58:23 IST" skipped="0">
  <testcase classname="testcases.LearnAnnotation" name="createLead" time="0.004"/>
  <system-out/>
</testsuite> <!-- testcases.LearnAnnotation -->
