<?xml version="1.0" encoding="UTF-8"?>
<!-- Generated by org.testng.reporters.JUnitReportReporter -->
<testsuite hostname="TSI-AE-SOUTH-PC" failures="0" tests="1" name="testcases.Tc_001_login" time="13.144" errors="0" timestamp="2023-10-21T12:49:00 IST" skipped="0">
  <testcase classname="testcases.Tc_001_login" name="logindata" time="13.144"/>
  <system-out/>
</testsuite> <!-- testcases.Tc_001_login -->
