<?xml version="1.0" encoding="UTF-8"?>
<!-- Generated by org.testng.reporters.JUnitReportReporter -->
<testsuite hostname="TSI-AE-SOUTH-PC" failures="0" tests="1" name="testcases.DuplicateLead" time="20.656" errors="0" timestamp="2023-10-08T10:13:51 IST" skipped="0">
  <testcase classname="testcases.DuplicateLead" name="duplicatelead" time="20.656"/>
  <system-out/>
</testsuite> <!-- testcases.DuplicateLead -->
