<?xml version="1.0" encoding="UTF-8"?>
<!-- Generated by org.testng.reporters.JUnitReportReporter -->
<testsuite hostname="TSI-AE-SOUTH-PC" failures="0" tests="1" name="testcases.EditLead" time="17.026" errors="0" timestamp="2023-10-08T10:13:51 IST" skipped="0">
  <testcase classname="testcases.EditLead" name="editlead" time="17.026"/>
  <system-out/>
</testsuite> <!-- testcases.EditLead -->
