<?xml version="1.0" encoding="UTF-8"?>
<!-- Generated by org.testng.reporters.JUnitReportReporter -->
<testsuite hostname="TSI-AE-SOUTH-PC" failures="0" tests="1" name="week5day2.DeleteLead" time="17.226" errors="0" timestamp="2023-10-08T10:44:49 IST" skipped="0">
  <testcase classname="week5day2.DeleteLead" name="deletelead" time="17.226"/>
  <system-out/>
</testsuite> <!-- week5day2.DeleteLead -->
