<?xml version="1.0" encoding="UTF-8"?>
<!-- Generated by org.testng.reporters.JUnitReportReporter -->
<testsuite hostname="TSI-AE-SOUTH-PC" failures="0" tests="1" name="testcases.DeleteLead" time="16.101" errors="0" timestamp="2023-10-08T10:13:51 IST" skipped="0">
  <testcase classname="testcases.DeleteLead" name="deletelead" time="16.101"/>
  <system-out/>
</testsuite> <!-- testcases.DeleteLead -->
